<?xml version="1.0" encoding="UTF-8"?>
<!-- Generated by org.testng.reporters.JUnitReportReporter -->
<testsuite hostname="BSC-PG02B565" failures="0" tests="8" name="com.allegis.tests.TestCase1" time="15.287" errors="0" timestamp="2021-10-21T16:12:50 IST" skipped="7">
  <testcase classname="com.allegis.tests.TestCase1" name="login" time="15.287"/>
  <system-out>
    <![CDATA[email added successfully
password added successfully
Logged into the account successfully]]>
  </system-out>
  <testcase classname="com.allegis.tests.TestCase1" name="address">
    <skipped/>
  </testcase> <!-- address -->
  <system-out/>
  <testcase classname="com.allegis.tests.TestCase1" name="addtocart">
    <skipped/>
  </testcase> <!-- addtocart -->
  <system-out/>
  <testcase classname="com.allegis.tests.TestCase1" name="confirmorder">
    <skipped/>
  </testcase> <!-- confirmorder -->
  <system-out/>
  <testcase classname="com.allegis.tests.TestCase1" name="productcomparision">
    <skipped/>
  </testcase> <!-- productcomparision -->
  <system-out/>
  <testcase classname="com.allegis.tests.TestCase1" name="registration">
    <skipped/>
  </testcase> <!-- registration -->
  <system-out/>
  <testcase classname="com.allegis.tests.TestCase1" name="availability">
    <skipped/>
  </testcase> <!-- availability -->
  <system-out/>
  <testcase classname="com.allegis.tests.TestCase1" name="wishlist">
    <skipped/>
  </testcase> <!-- wishlist -->
  <system-out/>
</testsuite> <!-- com.allegis.tests.TestCase1 -->
