<?xml version="1.0" encoding="UTF-8"?>
<!-- Generated by org.testng.reporters.JUnitReportReporter -->
<testsuite hostname="BSC-PG02B565" failures="0" tests="8" name="com.allegis.tests.TestCase1" time="73.456" errors="0" timestamp="2021-10-11T12:51:05 IST" skipped="3">
  <testcase classname="com.allegis.tests.TestCase1" name="login" time="10.894"/>
  <system-out>
    <![CDATA[email added successfully
password added successfully
Logged into the account successfully]]>
  </system-out>
  <testcase classname="com.allegis.tests.TestCase1" name="addtocart" time="19.358"/>
  <system-out>
    <![CDATA[Add HP laptop 3065 to the shopping cart
Logged into the account successfully
The laptop HP3065 added successfully to the cart]]>
  </system-out>
  <testcase classname="com.allegis.tests.TestCase1" name="wishlist" time="12.120"/>
  <system-out>
    <![CDATA[Add palm treo pro phone to wish list
Logged into the account successfully
view changed from grid to list
cost changed to low-high
Palm Treo pro is added successfully to the wishlist and success message is displayed ]]>
  </system-out>
  <testcase classname="com.allegis.tests.TestCase1" name="productcomparision" time="16.038"/>
  <system-out>
    <![CDATA[Add Apple cinema 30 and samsung monitor to the  comparelist
Logged into the account successfully
The currency changed to pounds
Apple cinema 30 added successfully to the compare list
samsung monitor added successfully to the compare list
Apple cinema 30 monitor and samsung monitor compared successfully]]>
  </system-out>
  <testcase classname="com.allegis.tests.TestCase1" name="confirmorder" time="15.046"/>
  <system-out>
    <![CDATA[Order a new Samsung SyncMaster 941BW confirm the order and verify the confirm text
Logged into the account successfully
Your order of Samsung SyncMaster 941BW is confirmed and the text is verified]]>
  </system-out>
  <testcase classname="com.allegis.tests.TestCase1" name="address">
    <skipped/>
  </testcase> <!-- address -->
  <system-out/>
  <testcase classname="com.allegis.tests.TestCase1" name="registration">
    <skipped/>
  </testcase> <!-- registration -->
  <system-out/>
  <testcase classname="com.allegis.tests.TestCase1" name="availability">
    <skipped/>
  </testcase> <!-- availability -->
  <system-out/>
</testsuite> <!-- com.allegis.tests.TestCase1 -->
