<?xml version="1.0" encoding="UTF-8"?>
<!-- Generated by org.testng.reporters.JUnitReportReporter -->
<testsuite hostname="HSC-PG02B0RQ" name="com.allegis.tests.FirstTestClass" tests="1" failures="0" timestamp="27 Apr 2021 05:02:45 GMT" time="0.000" errors="0">
  <testcase name="firstTest" time="0.000" classname="com.allegis.tests.FirstTestClass"/>
</testsuite> <!-- com.allegis.tests.FirstTestClass -->
